16:00:03.437 [HikariPool-1 housekeeper] DEBUG com.zaxxer.hikari.pool.HikariPool - HikariPool-1 - Pool stats (total=10, active=0, idle=10, waiting=0)
16:00:33.444 [HikariPool-1 housekeeper] DEBUG com.zaxxer.hikari.pool.HikariPool - HikariPool-1 - Pool stats (total=10, active=0, idle=10, waiting=0)
16:00:39.362 [main] INFO  c.k.springjpa.SpringjpaApplication - Starting SpringjpaApplication on PC-20190712NYZB with PID 139420 (C:\Users\Administrator\Desktop\springjpa\target\classes started by Administrator in C:\Users\Administrator\Desktop\springjpa)
16:00:39.365 [main] DEBUG c.k.springjpa.SpringjpaApplication - Running with Spring Boot v2.2.1.RELEASE, Spring v5.2.1.RELEASE
16:00:39.366 [main] INFO  c.k.springjpa.SpringjpaApplication - The following profiles are active: dev
16:00:40.466 [main] DEBUG com.zaxxer.hikari.HikariConfig - Driver class com.mysql.jdbc.Driver found in Thread context class loader sun.misc.Launcher$AppClassLoader@18b4aac2
16:00:40.506 [main] DEBUG com.zaxxer.hikari.HikariConfig - HikariPool-1 - configuration:
16:00:40.508 [main] DEBUG com.zaxxer.hikari.HikariConfig - allowPoolSuspension.............false
16:00:40.508 [main] DEBUG com.zaxxer.hikari.HikariConfig - autoCommit......................true
16:00:40.508 [main] DEBUG com.zaxxer.hikari.HikariConfig - catalog.........................none
16:00:40.508 [main] DEBUG com.zaxxer.hikari.HikariConfig - connectionInitSql...............none
16:00:40.508 [main] DEBUG com.zaxxer.hikari.HikariConfig - connectionTestQuery.............none
16:00:40.508 [main] DEBUG com.zaxxer.hikari.HikariConfig - connectionTimeout...............30000
16:00:40.508 [main] DEBUG com.zaxxer.hikari.HikariConfig - dataSource......................none
16:00:40.508 [main] DEBUG com.zaxxer.hikari.HikariConfig - dataSourceClassName.............none
16:00:40.508 [main] DEBUG com.zaxxer.hikari.HikariConfig - dataSourceJNDI..................none
16:00:40.509 [main] DEBUG com.zaxxer.hikari.HikariConfig - dataSourceProperties............{password=<masked>}
16:00:40.509 [main] DEBUG com.zaxxer.hikari.HikariConfig - driverClassName................."com.mysql.jdbc.Driver"
16:00:40.509 [main] DEBUG com.zaxxer.hikari.HikariConfig - healthCheckProperties...........{}
16:00:40.509 [main] DEBUG com.zaxxer.hikari.HikariConfig - healthCheckRegistry.............none
16:00:40.510 [main] DEBUG com.zaxxer.hikari.HikariConfig - idleTimeout.....................600000
16:00:40.510 [main] DEBUG com.zaxxer.hikari.HikariConfig - initializationFailTimeout.......1
16:00:40.510 [main] DEBUG com.zaxxer.hikari.HikariConfig - isolateInternalQueries..........false
16:00:40.510 [main] DEBUG com.zaxxer.hikari.HikariConfig - jdbcUrl.........................jdbc:mysql://192.168.1.127:3306/fns?characterEncoding=utf-8&&nullCatalogMeansCurrent=true&&serverTimezone=GMT
16:00:40.510 [main] DEBUG com.zaxxer.hikari.HikariConfig - leakDetectionThreshold..........0
16:00:40.510 [main] DEBUG com.zaxxer.hikari.HikariConfig - maxLifetime.....................1800000
16:00:40.510 [main] DEBUG com.zaxxer.hikari.HikariConfig - maximumPoolSize.................10
16:00:40.510 [main] DEBUG com.zaxxer.hikari.HikariConfig - metricRegistry..................none
16:00:40.510 [main] DEBUG com.zaxxer.hikari.HikariConfig - metricsTrackerFactory...........none
16:00:40.510 [main] DEBUG com.zaxxer.hikari.HikariConfig - minimumIdle.....................10
16:00:40.510 [main] DEBUG com.zaxxer.hikari.HikariConfig - password........................<masked>
16:00:40.510 [main] DEBUG com.zaxxer.hikari.HikariConfig - poolName........................"HikariPool-1"
16:00:40.510 [main] DEBUG com.zaxxer.hikari.HikariConfig - readOnly........................false
16:00:40.510 [main] DEBUG com.zaxxer.hikari.HikariConfig - registerMbeans..................false
16:00:40.511 [main] DEBUG com.zaxxer.hikari.HikariConfig - scheduledExecutor...............none
16:00:40.511 [main] DEBUG com.zaxxer.hikari.HikariConfig - schema..........................none
16:00:40.511 [main] DEBUG com.zaxxer.hikari.HikariConfig - threadFactory...................internal
16:00:40.511 [main] DEBUG com.zaxxer.hikari.HikariConfig - transactionIsolation............default
16:00:40.511 [main] DEBUG com.zaxxer.hikari.HikariConfig - username........................"root"
16:00:40.511 [main] DEBUG com.zaxxer.hikari.HikariConfig - validationTimeout...............5000
16:00:40.511 [main] INFO  com.zaxxer.hikari.HikariDataSource - HikariPool-1 - Starting...
16:00:40.512 [main] WARN  c.z.hikari.util.DriverDataSource - Registered driver with driverClassName=com.mysql.jdbc.Driver was not found, trying direct instantiation.
16:00:40.512 [main] DEBUG c.z.hikari.util.DriverDataSource - Driver class com.mysql.jdbc.Driver found in Thread context class loader sun.misc.Launcher$AppClassLoader@18b4aac2
16:00:40.629 [main] DEBUG com.zaxxer.hikari.pool.HikariPool - HikariPool-1 - Added connection com.mysql.cj.jdbc.ConnectionImpl@3b95d13c
16:00:40.630 [main] INFO  com.zaxxer.hikari.HikariDataSource - HikariPool-1 - Start completed.
16:00:40.731 [HikariPool-1 housekeeper] DEBUG com.zaxxer.hikari.pool.HikariPool - HikariPool-1 - Pool stats (total=1, active=0, idle=1, waiting=0)
16:00:40.734 [HikariPool-1 connection adder] DEBUG com.zaxxer.hikari.pool.HikariPool - HikariPool-1 - Added connection com.mysql.cj.jdbc.ConnectionImpl@2f8604d5
16:00:40.737 [HikariPool-1 connection adder] DEBUG com.zaxxer.hikari.pool.HikariPool - HikariPool-1 - Added connection com.mysql.cj.jdbc.ConnectionImpl@6ebb0eee
16:00:40.741 [HikariPool-1 connection adder] DEBUG com.zaxxer.hikari.pool.HikariPool - HikariPool-1 - Added connection com.mysql.cj.jdbc.ConnectionImpl@5f1f245f
16:00:40.743 [HikariPool-1 connection adder] DEBUG com.zaxxer.hikari.pool.HikariPool - HikariPool-1 - Added connection com.mysql.cj.jdbc.ConnectionImpl@e94f1a1
16:00:40.746 [HikariPool-1 connection adder] DEBUG com.zaxxer.hikari.pool.HikariPool - HikariPool-1 - Added connection com.mysql.cj.jdbc.ConnectionImpl@696f890c
16:00:40.749 [HikariPool-1 connection adder] DEBUG com.zaxxer.hikari.pool.HikariPool - HikariPool-1 - Added connection com.mysql.cj.jdbc.ConnectionImpl@ada8b8c
16:00:40.752 [HikariPool-1 connection adder] DEBUG com.zaxxer.hikari.pool.HikariPool - HikariPool-1 - Added connection com.mysql.cj.jdbc.ConnectionImpl@39c6002
16:00:40.755 [HikariPool-1 connection adder] DEBUG com.zaxxer.hikari.pool.HikariPool - HikariPool-1 - Added connection com.mysql.cj.jdbc.ConnectionImpl@73c1c905
16:00:40.757 [HikariPool-1 connection adder] DEBUG com.zaxxer.hikari.pool.HikariPool - HikariPool-1 - Added connection com.mysql.cj.jdbc.ConnectionImpl@3e987e76
16:00:40.757 [HikariPool-1 connection adder] DEBUG com.zaxxer.hikari.pool.HikariPool - HikariPool-1 - After adding stats (total=10, active=0, idle=10, waiting=0)
16:00:42.134 [main] INFO  c.k.springjpa.SpringjpaApplication - Started SpringjpaApplication in 3.167 seconds (JVM running for 3.718)
16:01:10.731 [HikariPool-1 housekeeper] DEBUG com.zaxxer.hikari.pool.HikariPool - HikariPool-1 - Pool stats (total=10, active=0, idle=10, waiting=0)
16:01:40.733 [HikariPool-1 housekeeper] DEBUG com.zaxxer.hikari.pool.HikariPool - HikariPool-1 - Pool stats (total=10, active=0, idle=10, waiting=0)
16:01:53.202 [main] INFO  c.k.springjpa.SpringjpaApplication - Starting SpringjpaApplication on PC-20190712NYZB with PID 134592 (C:\Users\Administrator\Desktop\springjpa\target\classes started by Administrator in C:\Users\Administrator\Desktop\springjpa)
16:01:53.204 [main] DEBUG c.k.springjpa.SpringjpaApplication - Running with Spring Boot v2.2.1.RELEASE, Spring v5.2.1.RELEASE
16:01:53.204 [main] INFO  c.k.springjpa.SpringjpaApplication - The following profiles are active: dev
16:01:54.341 [main] DEBUG com.zaxxer.hikari.HikariConfig - Driver class com.mysql.jdbc.Driver found in Thread context class loader sun.misc.Launcher$AppClassLoader@18b4aac2
16:01:54.381 [main] DEBUG com.zaxxer.hikari.HikariConfig - HikariPool-1 - configuration:
16:01:54.382 [main] DEBUG com.zaxxer.hikari.HikariConfig - allowPoolSuspension.............false
16:01:54.382 [main] DEBUG com.zaxxer.hikari.HikariConfig - autoCommit......................true
16:01:54.382 [main] DEBUG com.zaxxer.hikari.HikariConfig - catalog.........................none
16:01:54.382 [main] DEBUG com.zaxxer.hikari.HikariConfig - connectionInitSql...............none
16:01:54.382 [main] DEBUG com.zaxxer.hikari.HikariConfig - connectionTestQuery.............none
16:01:54.382 [main] DEBUG com.zaxxer.hikari.HikariConfig - connectionTimeout...............30000
16:01:54.382 [main] DEBUG com.zaxxer.hikari.HikariConfig - dataSource......................none
16:01:54.382 [main] DEBUG com.zaxxer.hikari.HikariConfig - dataSourceClassName.............none
16:01:54.383 [main] DEBUG com.zaxxer.hikari.HikariConfig - dataSourceJNDI..................none
16:01:54.383 [main] DEBUG com.zaxxer.hikari.HikariConfig - dataSourceProperties............{password=<masked>}
16:01:54.383 [main] DEBUG com.zaxxer.hikari.HikariConfig - driverClassName................."com.mysql.jdbc.Driver"
16:01:54.384 [main] DEBUG com.zaxxer.hikari.HikariConfig - healthCheckProperties...........{}
16:01:54.384 [main] DEBUG com.zaxxer.hikari.HikariConfig - healthCheckRegistry.............none
16:01:54.384 [main] DEBUG com.zaxxer.hikari.HikariConfig - idleTimeout.....................600000
16:01:54.384 [main] DEBUG com.zaxxer.hikari.HikariConfig - initializationFailTimeout.......1
16:01:54.384 [main] DEBUG com.zaxxer.hikari.HikariConfig - isolateInternalQueries..........false
16:01:54.384 [main] DEBUG com.zaxxer.hikari.HikariConfig - jdbcUrl.........................jdbc:mysql://192.168.1.127:3306/fns?characterEncoding=utf-8&&nullCatalogMeansCurrent=true&&serverTimezone=GMT
16:01:54.384 [main] DEBUG com.zaxxer.hikari.HikariConfig - leakDetectionThreshold..........0
16:01:54.384 [main] DEBUG com.zaxxer.hikari.HikariConfig - maxLifetime.....................1800000
16:01:54.384 [main] DEBUG com.zaxxer.hikari.HikariConfig - maximumPoolSize.................10
16:01:54.384 [main] DEBUG com.zaxxer.hikari.HikariConfig - metricRegistry..................none
16:01:54.384 [main] DEBUG com.zaxxer.hikari.HikariConfig - metricsTrackerFactory...........none
16:01:54.384 [main] DEBUG com.zaxxer.hikari.HikariConfig - minimumIdle.....................10
16:01:54.385 [main] DEBUG com.zaxxer.hikari.HikariConfig - password........................<masked>
16:01:54.385 [main] DEBUG com.zaxxer.hikari.HikariConfig - poolName........................"HikariPool-1"
16:01:54.385 [main] DEBUG com.zaxxer.hikari.HikariConfig - readOnly........................false
16:01:54.385 [main] DEBUG com.zaxxer.hikari.HikariConfig - registerMbeans..................false
16:01:54.385 [main] DEBUG com.zaxxer.hikari.HikariConfig - scheduledExecutor...............none
16:01:54.385 [main] DEBUG com.zaxxer.hikari.HikariConfig - schema..........................none
16:01:54.385 [main] DEBUG com.zaxxer.hikari.HikariConfig - threadFactory...................internal
16:01:54.385 [main] DEBUG com.zaxxer.hikari.HikariConfig - transactionIsolation............default
16:01:54.385 [main] DEBUG com.zaxxer.hikari.HikariConfig - username........................"root"
16:01:54.385 [main] DEBUG com.zaxxer.hikari.HikariConfig - validationTimeout...............5000
16:01:54.385 [main] INFO  com.zaxxer.hikari.HikariDataSource - HikariPool-1 - Starting...
16:01:54.386 [main] WARN  c.z.hikari.util.DriverDataSource - Registered driver with driverClassName=com.mysql.jdbc.Driver was not found, trying direct instantiation.
16:01:54.386 [main] DEBUG c.z.hikari.util.DriverDataSource - Driver class com.mysql.jdbc.Driver found in Thread context class loader sun.misc.Launcher$AppClassLoader@18b4aac2
16:01:54.501 [main] DEBUG com.zaxxer.hikari.pool.HikariPool - HikariPool-1 - Added connection com.mysql.cj.jdbc.ConnectionImpl@5d01ea21
16:01:54.502 [main] INFO  com.zaxxer.hikari.HikariDataSource - HikariPool-1 - Start completed.
16:01:54.604 [HikariPool-1 housekeeper] DEBUG com.zaxxer.hikari.pool.HikariPool - HikariPool-1 - Pool stats (total=1, active=0, idle=1, waiting=0)
16:01:54.607 [HikariPool-1 connection adder] DEBUG com.zaxxer.hikari.pool.HikariPool - HikariPool-1 - Added connection com.mysql.cj.jdbc.ConnectionImpl@79f99026
16:01:54.610 [HikariPool-1 connection adder] DEBUG com.zaxxer.hikari.pool.HikariPool - HikariPool-1 - Added connection com.mysql.cj.jdbc.ConnectionImpl@38c49a1d
16:01:54.613 [HikariPool-1 connection adder] DEBUG com.zaxxer.hikari.pool.HikariPool - HikariPool-1 - Added connection com.mysql.cj.jdbc.ConnectionImpl@9b60145
16:01:54.616 [HikariPool-1 connection adder] DEBUG com.zaxxer.hikari.pool.HikariPool - HikariPool-1 - Added connection com.mysql.cj.jdbc.ConnectionImpl@58eb6552
16:01:54.619 [HikariPool-1 connection adder] DEBUG com.zaxxer.hikari.pool.HikariPool - HikariPool-1 - Added connection com.mysql.cj.jdbc.ConnectionImpl@305db81
16:01:54.622 [HikariPool-1 connection adder] DEBUG com.zaxxer.hikari.pool.HikariPool - HikariPool-1 - Added connection com.mysql.cj.jdbc.ConnectionImpl@5ca5d908
16:01:54.625 [HikariPool-1 connection adder] DEBUG com.zaxxer.hikari.pool.HikariPool - HikariPool-1 - Added connection com.mysql.cj.jdbc.ConnectionImpl@29118a51
16:01:54.628 [HikariPool-1 connection adder] DEBUG com.zaxxer.hikari.pool.HikariPool - HikariPool-1 - Added connection com.mysql.cj.jdbc.ConnectionImpl@3a4b6abd
16:01:54.631 [HikariPool-1 connection adder] DEBUG com.zaxxer.hikari.pool.HikariPool - HikariPool-1 - Added connection com.mysql.cj.jdbc.ConnectionImpl@7327384f
16:01:54.631 [HikariPool-1 connection adder] DEBUG com.zaxxer.hikari.pool.HikariPool - HikariPool-1 - After adding stats (total=10, active=0, idle=10, waiting=0)
16:01:55.943 [main] INFO  c.k.springjpa.SpringjpaApplication - Started SpringjpaApplication in 3.105 seconds (JVM running for 3.64)
16:02:24.605 [HikariPool-1 housekeeper] DEBUG com.zaxxer.hikari.pool.HikariPool - HikariPool-1 - Pool stats (total=10, active=0, idle=10, waiting=0)
16:02:54.606 [HikariPool-1 housekeeper] DEBUG com.zaxxer.hikari.pool.HikariPool - HikariPool-1 - Pool stats (total=10, active=0, idle=10, waiting=0)
16:03:24.606 [HikariPool-1 housekeeper] DEBUG com.zaxxer.hikari.pool.HikariPool - HikariPool-1 - Pool stats (total=10, active=0, idle=10, waiting=0)
16:03:54.608 [HikariPool-1 housekeeper] DEBUG com.zaxxer.hikari.pool.HikariPool - HikariPool-1 - Pool stats (total=10, active=0, idle=10, waiting=0)
16:04:24.610 [HikariPool-1 housekeeper] DEBUG com.zaxxer.hikari.pool.HikariPool - HikariPool-1 - Pool stats (total=10, active=0, idle=10, waiting=0)
