16:45:35.656 [main] INFO  c.k.springjpa.SpringjpaApplication - Starting SpringjpaApplication on PC-20190712NYZB with PID 76204 (C:\Users\Administrator\Desktop\springjpa\target\classes started by Administrator in C:\Users\Administrator\Desktop\springjpa)
16:45:35.657 [main] DEBUG c.k.springjpa.SpringjpaApplication - Running with Spring Boot v2.2.1.RELEASE, Spring v5.2.1.RELEASE
16:45:35.658 [main] INFO  c.k.springjpa.SpringjpaApplication - The following profiles are active: dev
16:45:36.552 [main] DEBUG com.zaxxer.hikari.HikariConfig - Driver class com.mysql.jdbc.Driver found in Thread context class loader sun.misc.Launcher$AppClassLoader@18b4aac2
16:45:36.597 [main] DEBUG com.zaxxer.hikari.HikariConfig - HikariPool-1 - configuration:
16:45:36.598 [main] DEBUG com.zaxxer.hikari.HikariConfig - allowPoolSuspension.............false
16:45:36.598 [main] DEBUG com.zaxxer.hikari.HikariConfig - autoCommit......................true
16:45:36.598 [main] DEBUG com.zaxxer.hikari.HikariConfig - catalog.........................none
16:45:36.598 [main] DEBUG com.zaxxer.hikari.HikariConfig - connectionInitSql...............none
16:45:36.599 [main] DEBUG com.zaxxer.hikari.HikariConfig - connectionTestQuery.............none
16:45:36.599 [main] DEBUG com.zaxxer.hikari.HikariConfig - connectionTimeout...............30000
16:45:36.599 [main] DEBUG com.zaxxer.hikari.HikariConfig - dataSource......................none
16:45:36.599 [main] DEBUG com.zaxxer.hikari.HikariConfig - dataSourceClassName.............none
16:45:36.599 [main] DEBUG com.zaxxer.hikari.HikariConfig - dataSourceJNDI..................none
16:45:36.599 [main] DEBUG com.zaxxer.hikari.HikariConfig - dataSourceProperties............{password=<masked>}
16:45:36.599 [main] DEBUG com.zaxxer.hikari.HikariConfig - driverClassName................."com.mysql.jdbc.Driver"
16:45:36.600 [main] DEBUG com.zaxxer.hikari.HikariConfig - healthCheckProperties...........{}
16:45:36.600 [main] DEBUG com.zaxxer.hikari.HikariConfig - healthCheckRegistry.............none
16:45:36.600 [main] DEBUG com.zaxxer.hikari.HikariConfig - idleTimeout.....................600000
16:45:36.600 [main] DEBUG com.zaxxer.hikari.HikariConfig - initializationFailTimeout.......1
16:45:36.600 [main] DEBUG com.zaxxer.hikari.HikariConfig - isolateInternalQueries..........false
16:45:36.600 [main] DEBUG com.zaxxer.hikari.HikariConfig - jdbcUrl.........................jdbc:mysql://192.168.1.127:3306/fns?characterEncoding=utf-8&&nullCatalogMeansCurrent=true&&serverTimezone=GMT
16:45:36.600 [main] DEBUG com.zaxxer.hikari.HikariConfig - leakDetectionThreshold..........0
16:45:36.600 [main] DEBUG com.zaxxer.hikari.HikariConfig - maxLifetime.....................1800000
16:45:36.600 [main] DEBUG com.zaxxer.hikari.HikariConfig - maximumPoolSize.................10
16:45:36.600 [main] DEBUG com.zaxxer.hikari.HikariConfig - metricRegistry..................none
16:45:36.600 [main] DEBUG com.zaxxer.hikari.HikariConfig - metricsTrackerFactory...........none
16:45:36.600 [main] DEBUG com.zaxxer.hikari.HikariConfig - minimumIdle.....................10
16:45:36.600 [main] DEBUG com.zaxxer.hikari.HikariConfig - password........................<masked>
16:45:36.600 [main] DEBUG com.zaxxer.hikari.HikariConfig - poolName........................"HikariPool-1"
16:45:36.600 [main] DEBUG com.zaxxer.hikari.HikariConfig - readOnly........................false
16:45:36.601 [main] DEBUG com.zaxxer.hikari.HikariConfig - registerMbeans..................false
16:45:36.601 [main] DEBUG com.zaxxer.hikari.HikariConfig - scheduledExecutor...............none
16:45:36.601 [main] DEBUG com.zaxxer.hikari.HikariConfig - schema..........................none
16:45:36.601 [main] DEBUG com.zaxxer.hikari.HikariConfig - threadFactory...................internal
16:45:36.601 [main] DEBUG com.zaxxer.hikari.HikariConfig - transactionIsolation............default
16:45:36.601 [main] DEBUG com.zaxxer.hikari.HikariConfig - username........................"root"
16:45:36.601 [main] DEBUG com.zaxxer.hikari.HikariConfig - validationTimeout...............5000
16:45:36.601 [main] INFO  com.zaxxer.hikari.HikariDataSource - HikariPool-1 - Starting...
16:45:36.602 [main] WARN  c.z.hikari.util.DriverDataSource - Registered driver with driverClassName=com.mysql.jdbc.Driver was not found, trying direct instantiation.
16:45:36.602 [main] DEBUG c.z.hikari.util.DriverDataSource - Driver class com.mysql.jdbc.Driver found in Thread context class loader sun.misc.Launcher$AppClassLoader@18b4aac2
16:45:36.672 [main] DEBUG com.zaxxer.hikari.pool.HikariPool - HikariPool-1 - Added connection com.mysql.cj.jdbc.ConnectionImpl@54aca26f
16:45:36.672 [main] INFO  com.zaxxer.hikari.HikariDataSource - HikariPool-1 - Start completed.
16:45:36.777 [HikariPool-1 housekeeper] DEBUG com.zaxxer.hikari.pool.HikariPool - HikariPool-1 - Pool stats (total=1, active=0, idle=1, waiting=0)
16:45:36.784 [HikariPool-1 connection adder] DEBUG com.zaxxer.hikari.pool.HikariPool - HikariPool-1 - Added connection com.mysql.cj.jdbc.ConnectionImpl@5f316149
16:45:36.788 [HikariPool-1 connection adder] DEBUG com.zaxxer.hikari.pool.HikariPool - HikariPool-1 - Added connection com.mysql.cj.jdbc.ConnectionImpl@1e0c6b72
16:45:36.793 [HikariPool-1 connection adder] DEBUG com.zaxxer.hikari.pool.HikariPool - HikariPool-1 - Added connection com.mysql.cj.jdbc.ConnectionImpl@2fd8960f
16:45:36.797 [HikariPool-1 connection adder] DEBUG com.zaxxer.hikari.pool.HikariPool - HikariPool-1 - Added connection com.mysql.cj.jdbc.ConnectionImpl@7e23943d
16:45:36.801 [HikariPool-1 connection adder] DEBUG com.zaxxer.hikari.pool.HikariPool - HikariPool-1 - Added connection com.mysql.cj.jdbc.ConnectionImpl@5288a663
16:45:36.806 [HikariPool-1 connection adder] DEBUG com.zaxxer.hikari.pool.HikariPool - HikariPool-1 - Added connection com.mysql.cj.jdbc.ConnectionImpl@7a6d8ea7
16:45:36.809 [HikariPool-1 connection adder] DEBUG com.zaxxer.hikari.pool.HikariPool - HikariPool-1 - Added connection com.mysql.cj.jdbc.ConnectionImpl@7ef64662
16:45:36.813 [HikariPool-1 connection adder] DEBUG com.zaxxer.hikari.pool.HikariPool - HikariPool-1 - Added connection com.mysql.cj.jdbc.ConnectionImpl@2ac2bafc
16:45:36.818 [HikariPool-1 connection adder] DEBUG com.zaxxer.hikari.pool.HikariPool - HikariPool-1 - Added connection com.mysql.cj.jdbc.ConnectionImpl@531e3170
16:45:36.818 [HikariPool-1 connection adder] DEBUG com.zaxxer.hikari.pool.HikariPool - HikariPool-1 - After adding stats (total=10, active=0, idle=10, waiting=0)
16:45:37.758 [main] INFO  c.k.springjpa.SpringjpaApplication - Started SpringjpaApplication in 2.442 seconds (JVM running for 2.951)
